<?xml version="1.0" encoding="UTF-8"?>
<robot generator="Robot 3.2.2 (Python 3.7.9 on win32)" generated="20210127 14:51:57.934" rpa="false">
<suite id="s1" name="Seleneium Features get suite" source="C:\Users\CTEA\eclipse-workspace\Robot_Framework\Robot_workspace\Seleneium_Features_get_suite">
<suite id="s1-s1" name="SignUp tests" source="C:\Users\CTEA\eclipse-workspace\Robot_Framework\Robot_workspace\Seleneium_Features_get_suite\SignUp_tests.robot">
<test id="s1-s1-t1" name="TC1_BrowserSize">
<kw name="Append To Environment Variable" library="OperatingSystem">
<doc>Appends given ``values`` to environment variable ``name``.</doc>
<arguments>
<arg>Path</arg>
<arg>${OUTPUT_DIR}${/}driver</arg>
</arguments>
<msg timestamp="20210127 14:51:58.409" level="INFO">Environment variable 'Path' set to value 'C:/Program Files/Java/jdk-15.0.1/bin/server;C:/Program Files/Java/jdk-15.0.1/bin;D:\Python;D:\Python\Scripts;C:\Users\CTEA;D:\Python\Lib;D:\XAMPP\mysql\bin;C:\Program Files\Git\cmd;C:\TDM-GCC-64\bin;C:\Program Files\mingw-w64\x86_64-8.1.0-posix-seh-rt_v6-rev0\mingw64\bin;C:\Program Files (x86)\Groovy\bin;C:\Program Files\Java\jdk-15.0.1\bin;C:\Program Files\nodejs\;C:\Program Files (x86)\Windows Kits\10\Windows Performance Toolkit\;D:\Python;D:\Python\Scripts;D:\Python\Lib;D:\XAMPP\mysql\bin;C:\Users\CTEA\AppData\Local\Programs\Microsoft VS Code\bin;C:\TDM-GCC-64\bin;C:\Program Files (x86)\Groovy\bin;C:\WINDOWS\system32;C:\\Program Files\\geckodriver-v0.28.0-win64;C:\Program Files\Java\jdk-15.0.1\bin;C:\Users\CTEA\AppData\Roaming\npm;C:\Users\CTEA\Desktop;;C:\Users\CTEA\eclipse-workspace\Robot_Framework\Robot_workspace\Seleneium_Features_get_suite\driver'.</msg>
<status status="PASS" starttime="20210127 14:51:58.409" endtime="20210127 14:51:58.410"></status>
</kw>
<kw name="Open Browser" library="SeleniumLibrary">
<doc>Opens a new browser instance to the optional ``url``.</doc>
<arguments>
<arg>url=https://www.royalcaribbean.com/</arg>
<arg>browser=ff</arg>
</arguments>
<msg timestamp="20210127 14:51:58.411" level="INFO">Opening browser 'ff' to base url 'https://www.royalcaribbean.com/'.</msg>
<msg timestamp="20210127 14:51:58.413" level="INFO">Firefox driver log is always forced to to: C:\Users\CTEA\eclipse-workspace\Robot_Framework\Robot_workspace\Seleneium_Features_get_suite\geckodriver-8.log</msg>
<status status="PASS" starttime="20210127 14:51:58.410" endtime="20210127 14:52:18.213"></status>
</kw>
<kw name="Maximize Browser Window" library="SeleniumLibrary">
<doc>Maximizes current browser window.</doc>
<kw name="Capture Page Screenshot" library="SeleniumLibrary">
<doc>Takes a screenshot of the current page and embeds it into a log file.</doc>
<msg timestamp="20210127 14:52:20.841" level="FAIL">InvalidSessionIdException: Message: Tried to run command without establishing a connection
</msg>
<status status="FAIL" starttime="20210127 14:52:20.834" endtime="20210127 14:52:20.842"></status>
</kw>
<msg timestamp="20210127 14:52:20.842" level="WARN">Keyword 'Capture Page Screenshot' could not be run on failure: InvalidSessionIdException: Message: Tried to run command without establishing a connection
</msg>
<msg timestamp="20210127 14:52:20.874" level="FAIL">WebDriverException: Message: Failed to decode response from marionette
</msg>
<status status="FAIL" starttime="20210127 14:52:18.213" endtime="20210127 14:52:20.875"></status>
</kw>
<status status="FAIL" starttime="20210127 14:51:58.407" endtime="20210127 14:52:20.876" critical="yes">WebDriverException: Message: Failed to decode response from marionette
</status>
</test>
<status status="FAIL" starttime="20210127 14:51:58.118" endtime="20210127 14:52:20.877"></status>
</suite>
<status status="FAIL" starttime="20210127 14:51:58.082" endtime="20210127 14:52:20.880"></status>
</suite>
<statistics>
<total>
<stat pass="0" fail="1">Critical Tests</stat>
<stat pass="0" fail="1">All Tests</stat>
</total>
<tag>
</tag>
<suite>
<stat pass="0" fail="1" id="s1" name="Seleneium Features get suite">Seleneium Features get suite</stat>
<stat pass="0" fail="1" id="s1-s1" name="SignUp tests">Seleneium Features get suite.SignUp tests</stat>
</suite>
</statistics>
<errors>
<msg timestamp="20210127 14:52:20.842" level="WARN">Keyword 'Capture Page Screenshot' could not be run on failure: InvalidSessionIdException: Message: Tried to run command without establishing a connection
</msg>
</errors>
</robot>
